#
# There is insufficient memory for the Java Runtime Environment to continue.
# Native memory allocation (malloc) failed to allocate 74752 bytes for Chunk::new
# Possible reasons:
#   The system is out of physical RAM or swap space
#   The process is running with CompressedOops enabled, and the Java Heap may be blocking the growth of the native heap
# Possible solutions:
#   Reduce memory load on the system
#   Increase physical memory or swap space
#   Check if swap backing store is full
#   Decrease Java heap size (-Xmx/-Xms)
#   Decrease number of Java threads
#   Decrease Java thread stack sizes (-Xss)
#   Set larger code cache with -XX:ReservedCodeCacheSize=
#   JVM is running with Unscaled Compressed Oops mode in which the Java heap is
#     placed in the first 4GB address space. The Java Heap base address is the
#     maximum limit for the native heap growth. Please use -XX:HeapBaseMinAddress
#     to set the Java Heap base and to place the Java Heap above 4GB virtual address.
# This output file may be truncated or incomplete.
#
#  Out of Memory Error (t:/workspace/hotspot/src/share/vm/memory/allocation.cpp:372), pid=12256, tid=2732
#
# JRE version: Java(TM) SE Runtime Environment (9.0+11) (build 9.0.4+11)
# Java VM: Java HotSpot(TM) 64-Bit Server VM (9.0.4+11, mixed mode, tiered, compressed oops, g1 gc, windows-amd64)
# No core dump will be written. Minidumps are not enabled by default on client versions of Windows
#

---------------  S U M M A R Y ------------

Command Line: -Dclassworlds.conf=E:\maven\bin\..\bin\m2.conf -Dmaven.home=E:\maven\bin\.. -Dlibrary.jansi.path=E:\maven\bin\..\lib\jansi-native -Dmaven.multiModuleProjectDirectory=C:\Users\Mykola\Desktop\olympicgames\olympicgames org.codehaus.plexus.classworlds.launcher.Launcher exec:java -Dexec.mainClass=com.app.Main

Host: Intel(R) Core(TM) i3-2350M CPU @ 2.30GHz, 4 cores, 7G,  Windows 10 , 64 bit Build 16299 (10.0.16299.15)
Time: Thu Mar 01 23:44:46 2018 O?ieyia?y (ceia) elapsed time: 12 seconds (0d 0h 0m 12s)

---------------  T H R E A D  ---------------

Current thread (0x000001d46bf45000):  JavaThread "C2 CompilerThread1" daemon [_thread_in_native, id=2732, stack(0x00000016a0800000,0x00000016a0900000)]


Current CompileTask:
C2:  12499 3547 %     4       org.codehaus.plexus.util.xml.Xpp3DomBuilder::build @ 27 (391 bytes)

Stack: [0x00000016a0800000,0x00000016a0900000]
Native frames: (J=compiled Java code, j=interpreted, Vv=VM code, C=native code)
V  [jvm.dll+0x587068]
V  [jvm.dll+0x69c25e]
V  [jvm.dll+0x69d17a]
V  [jvm.dll+0x69d7b3]
V  [jvm.dll+0x21d198]
V  [jvm.dll+0xa7aac]
V  [jvm.dll+0xa83ec]
V  [jvm.dll+0xa7ed8]
V  [jvm.dll+0x5dee0c]
V  [jvm.dll+0x4b54d4]
V  [jvm.dll+0x4a4028]
V  [jvm.dll+0x4a1da4]
V  [jvm.dll+0x4a33a5]
V  [jvm.dll+0x4a2d7f]
V  [jvm.dll+0x4a2d46]
V  [jvm.dll+0x4a2d46]
V  [jvm.dll+0x4af341]
V  [jvm.dll+0x1eb21a]
V  [jvm.dll+0x1e8d11]
V  [jvm.dll+0x1691cb]
V  [jvm.dll+0x1f6570]
V  [jvm.dll+0x1f51f6]
V  [jvm.dll+0x66b44f]
V  [jvm.dll+0x586490]
C  [msvcr120.dll+0x24f7f]
C  [msvcr120.dll+0x25126]
C  [KERNEL32.DLL+0x11fe4]
C  [ntdll.dll+0x6efc1]


---------------  P R O C E S S  ---------------

Java Threads: ( => current thread )
  0x000001d46c238800 JavaThread "Service Thread" daemon [_thread_blocked, id=6424, stack(0x00000016a0c00000,0x00000016a0d00000)]
  0x000001d46c120800 JavaThread "Common-Cleaner" daemon [_thread_blocked, id=2236, stack(0x00000016a0b00000,0x00000016a0c00000)]
  0x000001d46bfbd000 JavaThread "Sweeper thread" daemon [_thread_blocked, id=1236, stack(0x00000016a0a00000,0x00000016a0b00000)]
  0x000001d46bf98800 JavaThread "C1 CompilerThread2" daemon [_thread_blocked, id=7476, stack(0x00000016a0900000,0x00000016a0a00000)]
=>0x000001d46bf45000 JavaThread "C2 CompilerThread1" daemon [_thread_in_native, id=2732, stack(0x00000016a0800000,0x00000016a0900000)]
  0x000001d46bf3f000 JavaThread "C2 CompilerThread0" daemon [_thread_blocked, id=7008, stack(0x00000016a0700000,0x00000016a0800000)]
  0x000001d46bf3c000 JavaThread "Attach Listener" daemon [_thread_blocked, id=3020, stack(0x00000016a0600000,0x00000016a0700000)]
  0x000001d46bf3b800 JavaThread "Signal Dispatcher" daemon [_thread_blocked, id=8596, stack(0x00000016a0500000,0x00000016a0600000)]
  0x000001d46bef0800 JavaThread "Finalizer" daemon [_thread_blocked, id=5992, stack(0x00000016a0400000,0x00000016a0500000)]
  0x000001d46bee7800 JavaThread "Reference Handler" daemon [_thread_blocked, id=8448, stack(0x00000016a0300000,0x00000016a0400000)]
  0x000001d448ab6000 JavaThread "main" [_thread_in_native, id=3288, stack(0x000000169f600000,0x000000169f700000)]

Other Threads:
  0x000001d46bed3800 VMThread "VM Thread" [stack: 0x00000016a0200000,0x00000016a0300000] [id=10556]
  0x000001d46c23b000 WatcherThread [stack: 0x00000016a0d00000,0x00000016a0e00000] [id=4352]
  0x000001d448ace000 GCTaskThread "GC Thread#0" [stack: 0x000000169f700000,0x000000169f800000] [id=10920]
  0x000001d448ad0800 GCTaskThread "GC Thread#1" [stack: 0x000000169f800000,0x000000169f900000] [id=10876]
  0x000001d448ad3000 GCTaskThread "GC Thread#2" [stack: 0x000000169f900000,0x000000169fa00000] [id=11440]
  0x000001d448ad6800 GCTaskThread "GC Thread#3" [stack: 0x000000169fa00000,0x000000169fb00000] [id=6564]
  0x000001d448b54800 ConcurrentGCThread "G1 Main Marker" [stack: 0x00000016a0000000,0x00000016a0100000] [id=5088]
  0x000001d448b55800 ConcurrentGCThread "G1 Marker#0" [stack: 0x00000016a0100000,0x00000016a0200000] [id=6180]
  0x000001d448aec000 ConcurrentGCThread "G1 Refine#0" [stack: 0x000000169fe00000,0x000000169ff00000] [id=10548]
  0x000001d448aeb000 ConcurrentGCThread "G1 Refine#1" [stack: 0x000000169fd00000,0x000000169fe00000] [id=10632]
  0x000001d448ae0800 ConcurrentGCThread "G1 Refine#2" [stack: 0x000000169fc00000,0x000000169fd00000] [id=5836]
  0x000001d448ad9800 ConcurrentGCThread "G1 Refine#3" [stack: 0x000000169fb00000,0x000000169fc00000] [id=9092]
  0x000001d448aec800 ConcurrentGCThread "G1 Young RemSet Sampling" [stack: 0x000000169ff00000,0x00000016a0000000] [id=5304]

Threads with active compile tasks:
C2 CompilerThread13547 %     4       org.codehaus.plexus.util.xml.Xpp3DomBuilder::build @ 27 (391 bytes)

VM state:not at safepoint (normal execution)

VM Mutex/Monitor currently owned by a thread: None

Heap address: 0x0000000081600000, size: 2026 MB, Compressed Oops mode: 32-bit
Narrow klass base: 0x0000000000000000, Narrow klass shift: 3
Compressed class space size: 1073741824 Address: 0x0000000100000000

Heap:
 garbage-first heap   total 157696K, used 58220K [0x0000000081600000, 0x00000000817004d0, 0x0000000100000000)
  region size 1024K, 50 young (51200K), 3 survivors (3072K)
 Metaspace       used 26135K, capacity 26590K, committed 27136K, reserved 1073152K
  class space    used 2812K, capacity 2951K, committed 3072K, reserved 1048576K
Heap Regions: E=young(eden), S=young(survivor), O=old, HS=humongous(starts), HC=humongous(continues), CS=collection set, F=free, A=archive, TS=gc time stamp, AC=allocation context, TAMS=top-at-mark-start (previous, next)
|   0|0x0000000081600000, 0x0000000081700000, 0x0000000081700000|100%| O|  |TS  0|AC  0|TAMS 0x0000000081700000, 0x0000000081700000|
|   1|0x0000000081700000, 0x0000000081800000, 0x0000000081800000|100%| O|  |TS  0|AC  0|TAMS 0x0000000081800000, 0x0000000081800000|
|   2|0x0000000081800000, 0x0000000081900000, 0x0000000081900000|100%| O|  |TS  0|AC  0|TAMS 0x0000000081900000, 0x0000000081900000|
|   3|0x0000000081900000, 0x0000000081a00000, 0x0000000081a00000|100%| O|  |TS  0|AC  0|TAMS 0x0000000081a00000, 0x0000000081a00000|
|   4|0x0000000081a00000, 0x0000000081b00000, 0x0000000081b00000|100%| O|  |TS  0|AC  0|TAMS 0x0000000081b00000, 0x0000000081b00000|
|   5|0x0000000081b00000, 0x0000000081b00000, 0x0000000081c00000|  0%| F|  |TS  0|AC  0|TAMS 0x0000000081b00000, 0x0000000081b00000|
|   6|0x0000000081c00000, 0x0000000081c00000, 0x0000000081d00000|  0%| F|  |TS  0|AC  0|TAMS 0x0000000081c00000, 0x0000000081c00000|
|   7|0x0000000081d00000, 0x0000000081e00000, 0x0000000081e00000|100%| O|  |TS  0|AC  0|TAMS 0x0000000081e00000, 0x0000000081e00000|
|   8|0x0000000081e00000, 0x0000000081f00000, 0x0000000081f00000|100%| O|  |TS  0|AC  0|TAMS 0x0000000081f00000, 0x0000000081f00000|
|   9|0x0000000081f00000, 0x0000000082000000, 0x0000000082000000|100%| O|  |TS  0|AC  0|TAMS 0x0000000082000000, 0x0000000082000000|
|  10|0x0000000082000000, 0x000000008209fc00, 0x0000000082100000| 62%| O|  |TS  0|AC  0|TAMS 0x000000008209fc00, 0x000000008209fc00|
|  11|0x0000000082100000, 0x0000000082100000, 0x0000000082200000|  0%| F|  |TS  0|AC  0|TAMS 0x0000000082100000, 0x0000000082100000|
|  12|0x0000000082200000, 0x0000000082200000, 0x0000000082300000|  0%| F|  |TS  0|AC  0|TAMS 0x0000000082200000, 0x0000000082200000|
|  13|0x0000000082300000, 0x0000000082300000, 0x0000000082400000|  0%| F|  |TS  0|AC  0|TAMS 0x0000000082300000, 0x0000000082300000|
|  14|0x0000000082400000, 0x0000000082400000, 0x0000000082500000|  0%| F|  |TS  0|AC  0|TAMS 0x0000000082400000, 0x0000000082400000|
|  15|0x0000000082500000, 0x0000000082500000, 0x0000000082600000|  0%| F|  |TS  0|AC  0|TAMS 0x0000000082500000, 0x0000000082500000|
|  16|0x0000000082600000, 0x0000000082600000, 0x0000000082700000|  0%| F|  |TS  0|AC  0|TAMS 0x0000000082600000, 0x0000000082600000|
|  17|0x0000000082700000, 0x0000000082700000, 0x0000000082800000|  0%| F|  |TS  0|AC  0|TAMS 0x0000000082700000, 0x0000000082700000|
|  18|0x0000000082800000, 0x0000000082800000, 0x0000000082900000|  0%| F|  |TS  0|AC  0|TAMS 0x0000000082800000, 0x0000000082800000|
|  19|0x0000000082900000, 0x0000000082900000, 0x0000000082a00000|  0%| F|  |TS  0|AC  0|TAMS 0x0000000082900000, 0x0000000082900000|
|  20|0x0000000082a00000, 0x0000000082a00000, 0x0000000082b00000|  0%| F|  |TS  0|AC  0|TAMS 0x0000000082a00000, 0x0000000082a00000|
|  21|0x0000000082b00000, 0x0000000082b00000, 0x0000000082c00000|  0%| F|  |TS  0|AC  0|TAMS 0x0000000082b00000, 0x0000000082b00000|
|  22|0x0000000082c00000, 0x0000000082c00000, 0x0000000082d00000|  0%| F|  |TS  0|AC  0|TAMS 0x0000000082c00000, 0x0000000082c00000|
|  23|0x0000000082d00000, 0x0000000082d00000, 0x0000000082e00000|  0%| F|  |TS  0|AC  0|TAMS 0x0000000082d00000, 0x0000000082d00000|
|  24|0x0000000082e00000, 0x0000000082e00000, 0x0000000082f00000|  0%| F|  |TS  0|AC  0|TAMS 0x0000000082e00000, 0x0000000082e00000|
|  25|0x0000000082f00000, 0x0000000082f00000, 0x0000000083000000|  0%| F|  |TS  0|AC  0|TAMS 0x0000000082f00000, 0x0000000082f00000|
|  26|0x0000000083000000, 0x0000000083000000, 0x0000000083100000|  0%| F|  |TS  0|AC  0|TAMS 0x0000000083000000, 0x0000000083000000|
|  27|0x0000000083100000, 0x0000000083100000, 0x0000000083200000|  0%| F|  |TS  0|AC  0|TAMS 0x0000000083100000, 0x0000000083100000|
|  28|0x0000000083200000, 0x0000000083200000, 0x0000000083300000|  0%| F|  |TS  0|AC  0|TAMS 0x0000000083200000, 0x0000000083200000|
|  29|0x0000000083300000, 0x0000000083300000, 0x0000000083400000|  0%| F|  |TS  0|AC  0|TAMS 0x0000000083300000, 0x0000000083300000|
|  30|0x0000000083400000, 0x0000000083400000, 0x0000000083500000|  0%| F|  |TS  0|AC  0|TAMS 0x0000000083400000, 0x0000000083400000|
|  31|0x0000000083500000, 0x0000000083500000, 0x0000000083600000|  0%| F|  |TS  0|AC  0|TAMS 0x0000000083500000, 0x0000000083500000|
|  32|0x0000000083600000, 0x0000000083600000, 0x0000000083700000|  0%| F|  |TS  0|AC  0|TAMS 0x0000000083600000, 0x0000000083600000|
|  33|0x0000000083700000, 0x0000000083700000, 0x0000000083800000|  0%| F|  |TS  0|AC  0|TAMS 0x0000000083700000, 0x0000000083700000|
|  34|0x0000000083800000, 0x0000000083800000, 0x0000000083900000|  0%| F|  |TS  0|AC  0|TAMS 0x0000000083800000, 0x0000000083800000|
|  35|0x0000000083900000, 0x0000000083900000, 0x0000000083a00000|  0%| F|  |TS  0|AC  0|TAMS 0x0000000083900000, 0x0000000083900000|
|  36|0x0000000083a00000, 0x0000000083a00000, 0x0000000083b00000|  0%| F|  |TS  0|AC  0|TAMS 0x0000000083a00000, 0x0000000083a00000|
|  37|0x0000000083b00000, 0x0000000083b00000, 0x0000000083c00000|  0%| F|  |TS  0|AC  0|TAMS 0x0000000083b00000, 0x0000000083b00000|
|  38|0x0000000083c00000, 0x0000000083c00000, 0x0000000083d00000|  0%| F|  |TS  0|AC  0|TAMS 0x0000000083c00000, 0x0000000083c00000|
|  39|0x0000000083d00000, 0x0000000083d00000, 0x0000000083e00000|  0%| F|  |TS  0|AC  0|TAMS 0x0000000083d00000, 0x0000000083d00000|
|  40|0x0000000083e00000, 0x0000000083e00000, 0x0000000083f00000|  0%| F|  |TS  0|AC  0|TAMS 0x0000000083e00000, 0x0000000083e00000|
|  41|0x0000000083f00000, 0x0000000083f00000, 0x0000000084000000|  0%| F|  |TS  0|AC  0|TAMS 0x0000000083f00000, 0x0000000083f00000|
|  42|0x0000000084000000, 0x0000000084000000, 0x0000000084100000|  0%| F|  |TS  0|AC  0|TAMS 0x0000000084000000, 0x0000000084000000|
|  43|0x0000000084100000, 0x0000000084100000, 0x0000000084200000|  0%| F|  |TS  0|AC  0|TAMS 0x0000000084100000, 0x0000000084100000|
|  44|0x0000000084200000, 0x0000000084200000, 0x0000000084300000|  0%| F|  |TS  0|AC  0|TAMS 0x0000000084200000, 0x0000000084200000|
|  45|0x0000000084300000, 0x0000000084300000, 0x0000000084400000|  0%| F|  |TS  0|AC  0|TAMS 0x0000000084300000, 0x0000000084300000|
|  46|0x0000000084400000, 0x0000000084400000, 0x0000000084500000|  0%| F|  |TS  0|AC  0|TAMS 0x0000000084400000, 0x0000000084400000|
|  47|0x0000000084500000, 0x0000000084500000, 0x0000000084600000|  0%| F|  |TS  0|AC  0|TAMS 0x0000000084500000, 0x0000000084500000|
|  48|0x0000000084600000, 0x0000000084600000, 0x0000000084700000|  0%| F|  |TS  0|AC  0|TAMS 0x0000000084600000, 0x0000000084600000|
|  49|0x0000000084700000, 0x0000000084700000, 0x0000000084800000|  0%| F|  |TS  0|AC  0|TAMS 0x0000000084700000, 0x0000000084700000|
|  50|0x0000000084800000, 0x0000000084800000, 0x0000000084900000|  0%| F|  |TS  0|AC  0|TAMS 0x0000000084800000, 0x0000000084800000|
|  51|0x0000000084900000, 0x0000000084900000, 0x0000000084a00000|  0%| F|  |TS  0|AC  0|TAMS 0x0000000084900000, 0x0000000084900000|
|  52|0x0000000084a00000, 0x0000000084a00000, 0x0000000084b00000|  0%| F|  |TS  0|AC  0|TAMS 0x0000000084a00000, 0x0000000084a00000|
|  53|0x0000000084b00000, 0x0000000084b00000, 0x0000000084c00000|  0%| F|  |TS  0|AC  0|TAMS 0x0000000084b00000, 0x0000000084b00000|
|  54|0x0000000084c00000, 0x0000000084c00000, 0x0000000084d00000|  0%| F|  |TS  0|AC  0|TAMS 0x0000000084c00000, 0x0000000084c00000|
|  55|0x0000000084d00000, 0x0000000084d00000, 0x0000000084e00000|  0%| F|  |TS  0|AC  0|TAMS 0x0000000084d00000, 0x0000000084d00000|
|  56|0x0000000084e00000, 0x0000000084e00000, 0x0000000084f00000|  0%| F|  |TS  0|AC  0|TAMS 0x0000000084e00000, 0x0000000084e00000|
|  57|0x0000000084f00000, 0x0000000084f00000, 0x0000000085000000|  0%| F|  |TS  0|AC  0|TAMS 0x0000000084f00000, 0x0000000084f00000|
|  58|0x0000000085000000, 0x0000000085000000, 0x0000000085100000|  0%| F|  |TS  0|AC  0|TAMS 0x0000000085000000, 0x0000000085000000|
|  59|0x0000000085100000, 0x0000000085100000, 0x0000000085200000|  0%| F|  |TS  0|AC  0|TAMS 0x0000000085100000, 0x0000000085100000|
|  60|0x0000000085200000, 0x0000000085200000, 0x0000000085300000|  0%| F|  |TS  0|AC  0|TAMS 0x0000000085200000, 0x0000000085200000|
|  61|0x0000000085300000, 0x0000000085300000, 0x0000000085400000|  0%| F|  |TS  0|AC  0|TAMS 0x0000000085300000, 0x0000000085300000|
|  62|0x0000000085400000, 0x0000000085400000, 0x0000000085500000|  0%| F|  |TS  0|AC  0|TAMS 0x0000000085400000, 0x0000000085400000|
|  63|0x0000000085500000, 0x0000000085500000, 0x0000000085600000|  0%| F|  |TS  0|AC  0|TAMS 0x0000000085500000, 0x0000000085500000|
|  64|0x0000000085600000, 0x0000000085600000, 0x0000000085700000|  0%| F|  |TS  0|AC  0|TAMS 0x0000000085600000, 0x0000000085600000|
|  65|0x0000000085700000, 0x0000000085700000, 0x0000000085800000|  0%| F|  |TS  0|AC  0|TAMS 0x0000000085700000, 0x0000000085700000|
|  66|0x0000000085800000, 0x0000000085800000, 0x0000000085900000|  0%| F|  |TS  0|AC  0|TAMS 0x0000000085800000, 0x0000000085800000|
|  67|0x0000000085900000, 0x0000000085900000, 0x0000000085a00000|  0%| F|  |TS  0|AC  0|TAMS 0x0000000085900000, 0x0000000085900000|
|  68|0x0000000085a00000, 0x0000000085a00000, 0x0000000085b00000|  0%| F|  |TS  0|AC  0|TAMS 0x0000000085a00000, 0x0000000085a00000|
|  69|0x0000000085b00000, 0x0000000085b00000, 0x0000000085c00000|  0%| F|  |TS  0|AC  0|TAMS 0x0000000085b00000, 0x0000000085b00000|
|  70|0x0000000085c00000, 0x0000000085c00000, 0x0000000085d00000|  0%| F|  |TS  0|AC  0|TAMS 0x0000000085c00000, 0x0000000085c00000|
|  71|0x0000000085d00000, 0x0000000085d00000, 0x0000000085e00000|  0%| F|  |TS  0|AC  0|TAMS 0x0000000085d00000, 0x0000000085d00000|
|  72|0x0000000085e00000, 0x0000000085e00000, 0x0000000085f00000|  0%| F|  |TS  0|AC  0|TAMS 0x0000000085e00000, 0x0000000085e00000|
|  73|0x0000000085f00000, 0x0000000085f00000, 0x0000000086000000|  0%| F|  |TS  0|AC  0|TAMS 0x0000000085f00000, 0x0000000085f00000|
|  74|0x0000000086000000, 0x0000000086000000, 0x0000000086100000|  0%| F|  |TS  0|AC  0|TAMS 0x0000000086000000, 0x0000000086000000|
|  75|0x0000000086100000, 0x0000000086100000, 0x0000000086200000|  0%| F|  |TS  0|AC  0|TAMS 0x0000000086100000, 0x0000000086100000|
|  76|0x0000000086200000, 0x0000000086200000, 0x0000000086300000|  0%| F|  |TS  0|AC  0|TAMS 0x0000000086200000, 0x0000000086200000|
|  77|0x0000000086300000, 0x0000000086300000, 0x0000000086400000|  0%| F|  |TS  0|AC  0|TAMS 0x0000000086300000, 0x0000000086300000|
|  78|0x0000000086400000, 0x0000000086400000, 0x0000000086500000|  0%| F|  |TS  0|AC  0|TAMS 0x0000000086400000, 0x0000000086400000|
|  79|0x0000000086500000, 0x0000000086500000, 0x0000000086600000|  0%| F|  |TS  0|AC  0|TAMS 0x0000000086500000, 0x0000000086500000|
|  80|0x0000000086600000, 0x0000000086600000, 0x0000000086700000|  0%| F|  |TS  0|AC  0|TAMS 0x0000000086600000, 0x0000000086600000|
|  81|0x0000000086700000, 0x0000000086700000, 0x0000000086800000|  0%| F|  |TS  0|AC  0|TAMS 0x0000000086700000, 0x0000000086700000|
|  82|0x0000000086800000, 0x0000000086800000, 0x0000000086900000|  0%| F|  |TS  0|AC  0|TAMS 0x0000000086800000, 0x0000000086800000|
|  83|0x0000000086900000, 0x0000000086900000, 0x0000000086a00000|  0%| F|  |TS  0|AC  0|TAMS 0x0000000086900000, 0x0000000086900000|
|  84|0x0000000086a00000, 0x0000000086a00000, 0x0000000086b00000|  0%| F|  |TS  0|AC  0|TAMS 0x0000000086a00000, 0x0000000086a00000|
|  85|0x0000000086b00000, 0x0000000086b00000, 0x0000000086c00000|  0%| F|  |TS  0|AC  0|TAMS 0x0000000086b00000, 0x0000000086b00000|
|  86|0x0000000086c00000, 0x0000000086c00000, 0x0000000086d00000|  0%| F|  |TS  0|AC  0|TAMS 0x0000000086c00000, 0x0000000086c00000|
|  87|0x0000000086d00000, 0x0000000086d00000, 0x0000000086e00000|  0%| F|  |TS  0|AC  0|TAMS 0x0000000086d00000, 0x0000000086d00000|
|  88|0x0000000086e00000, 0x0000000086e00000, 0x0000000086f00000|  0%| F|  |TS  0|AC  0|TAMS 0x0000000086e00000, 0x0000000086e00000|
|  89|0x0000000086f00000, 0x0000000086f00000, 0x0000000087000000|  0%| F|  |TS  0|AC  0|TAMS 0x0000000086f00000, 0x0000000086f00000|
|  90|0x0000000087000000, 0x0000000087000000, 0x0000000087100000|  0%| F|  |TS  0|AC  0|TAMS 0x0000000087000000, 0x0000000087000000|
|  91|0x0000000087100000, 0x0000000087100000, 0x0000000087200000|  0%| F|  |TS  0|AC  0|TAMS 0x0000000087100000, 0x0000000087100000|
|  92|0x0000000087200000, 0x0000000087200000, 0x0000000087300000|  0%| F|  |TS  0|AC  0|TAMS 0x0000000087200000, 0x0000000087200000|
|  93|0x0000000087300000, 0x0000000087300000, 0x0000000087400000|  0%| F|  |TS  0|AC  0|TAMS 0x0000000087300000, 0x0000000087300000|
|  94|0x0000000087400000, 0x0000000087400000, 0x0000000087500000|  0%| F|  |TS  0|AC  0|TAMS 0x0000000087400000, 0x0000000087400000|
|  95|0x0000000087500000, 0x0000000087500000, 0x0000000087600000|  0%| F|  |TS  0|AC  0|TAMS 0x0000000087500000, 0x0000000087500000|
|  96|0x0000000087600000, 0x0000000087600000, 0x0000000087700000|  0%| F|  |TS  0|AC  0|TAMS 0x0000000087600000, 0x0000000087600000|
|  97|0x0000000087700000, 0x0000000087700000, 0x0000000087800000|  0%| F|  |TS  0|AC  0|TAMS 0x0000000087700000, 0x0000000087700000|
|  98|0x0000000087800000, 0x0000000087800000, 0x0000000087900000|  0%| F|  |TS  0|AC  0|TAMS 0x0000000087800000, 0x0000000087800000|
|  99|0x0000000087900000, 0x0000000087900000, 0x0000000087a00000|  0%| F|  |TS  0|AC  0|TAMS 0x0000000087900000, 0x0000000087900000|
| 100|0x0000000087a00000, 0x0000000087a00000, 0x0000000087b00000|  0%| F|  |TS  0|AC  0|TAMS 0x0000000087a00000, 0x0000000087a00000|
| 101|0x0000000087b00000, 0x0000000087b00000, 0x0000000087c00000|  0%| F|  |TS  0|AC  0|TAMS 0x0000000087b00000, 0x0000000087b00000|
| 102|0x0000000087c00000, 0x0000000087c00000, 0x0000000087d00000|  0%| F|  |TS  0|AC  0|TAMS 0x0000000087c00000, 0x0000000087c00000|
| 103|0x0000000087d00000, 0x0000000087d00000, 0x0000000087e00000|  0%| F|  |TS  0|AC  0|TAMS 0x0000000087d00000, 0x0000000087d00000|
| 104|0x0000000087e00000, 0x0000000087e80800, 0x0000000087f00000| 50%| E|  |TS  0|AC  0|TAMS 0x0000000087e00000, 0x0000000087e00000|
| 105|0x0000000087f00000, 0x0000000088000000, 0x0000000088000000|100%| E|CS|TS  0|AC  0|TAMS 0x0000000087f00000, 0x0000000087f00000|
| 106|0x0000000088000000, 0x0000000088100000, 0x0000000088100000|100%| E|CS|TS  0|AC  0|TAMS 0x0000000088000000, 0x0000000088000000|
| 107|0x0000000088100000, 0x0000000088200000, 0x0000000088200000|100%| E|CS|TS  0|AC  0|TAMS 0x0000000088100000, 0x0000000088100000|
| 108|0x0000000088200000, 0x0000000088300000, 0x0000000088300000|100%| E|CS|TS  0|AC  0|TAMS 0x0000000088200000, 0x0000000088200000|
| 109|0x0000000088300000, 0x000000008833b7c0, 0x0000000088400000| 23%| S|CS|TS  0|AC  0|TAMS 0x0000000088300000, 0x0000000088300000|
| 110|0x0000000088400000, 0x0000000088500000, 0x0000000088500000|100%| S|CS|TS  0|AC  0|TAMS 0x0000000088400000, 0x0000000088400000|
| 111|0x0000000088500000, 0x0000000088600000, 0x0000000088600000|100%| S|CS|TS  0|AC  0|TAMS 0x0000000088500000, 0x0000000088500000|
| 112|0x0000000088600000, 0x0000000088700000, 0x0000000088700000|100%| E|CS|TS  0|AC  0|TAMS 0x0000000088600000, 0x0000000088600000|
| 113|0x0000000088700000, 0x0000000088800000, 0x0000000088800000|100%| E|CS|TS  0|AC  0|TAMS 0x0000000088700000, 0x0000000088700000|
| 114|0x0000000088800000, 0x0000000088900000, 0x0000000088900000|100%| E|CS|TS  0|AC  0|TAMS 0x0000000088800000, 0x0000000088800000|
| 115|0x0000000088900000, 0x0000000088a00000, 0x0000000088a00000|100%| E|CS|TS  0|AC  0|TAMS 0x0000000088900000, 0x0000000088900000|
| 116|0x0000000088a00000, 0x0000000088b00000, 0x0000000088b00000|100%| E|CS|TS  0|AC  0|TAMS 0x0000000088a00000, 0x0000000088a00000|
| 117|0x0000000088b00000, 0x0000000088c00000, 0x0000000088c00000|100%| E|CS|TS  0|AC  0|TAMS 0x0000000088b00000, 0x0000000088b00000|
| 118|0x0000000088c00000, 0x0000000088d00000, 0x0000000088d00000|100%| E|CS|TS  0|AC  0|TAMS 0x0000000088c00000, 0x0000000088c00000|
| 119|0x0000000088d00000, 0x0000000088e00000, 0x0000000088e00000|100%| E|CS|TS  0|AC  0|TAMS 0x0000000088d00000, 0x0000000088d00000|
| 120|0x0000000088e00000, 0x0000000088f00000, 0x0000000088f00000|100%| E|CS|TS  0|AC  0|TAMS 0x0000000088e00000, 0x0000000088e00000|
| 121|0x0000000088f00000, 0x0000000089000000, 0x0000000089000000|100%| E|CS|TS  0|AC  0|TAMS 0x0000000088f00000, 0x0000000088f00000|
| 122|0x0000000089000000, 0x0000000089100000, 0x0000000089100000|100%| E|CS|TS  0|AC  0|TAMS 0x0000000089000000, 0x0000000089000000|
| 123|0x0000000089100000, 0x0000000089200000, 0x0000000089200000|100%| E|CS|TS  0|AC  0|TAMS 0x0000000089100000, 0x0000000089100000|
| 124|0x0000000089200000, 0x0000000089300000, 0x0000000089300000|100%| E|CS|TS  0|AC  0|TAMS 0x0000000089200000, 0x0000000089200000|
| 125|0x0000000089300000, 0x0000000089400000, 0x0000000089400000|100%| E|CS|TS  0|AC  0|TAMS 0x0000000089300000, 0x0000000089300000|
| 126|0x0000000089400000, 0x0000000089500000, 0x0000000089500000|100%| E|CS|TS  0|AC  0|TAMS 0x0000000089400000, 0x0000000089400000|
| 127|0x0000000089500000, 0x0000000089600000, 0x0000000089600000|100%| E|CS|TS  0|AC  0|TAMS 0x0000000089500000, 0x0000000089500000|
| 128|0x0000000089600000, 0x0000000089700000, 0x0000000089700000|100%| E|CS|TS  0|AC  0|TAMS 0x0000000089600000, 0x0000000089600000|
| 129|0x0000000089700000, 0x0000000089800000, 0x0000000089800000|100%| E|CS|TS  0|AC  0|TAMS 0x0000000089700000, 0x0000000089700000|
| 130|0x0000000089800000, 0x0000000089900000, 0x0000000089900000|100%| E|CS|TS  0|AC  0|TAMS 0x0000000089800000, 0x0000000089800000|
| 131|0x0000000089900000, 0x0000000089a00000, 0x0000000089a00000|100%| E|CS|TS  0|AC  0|TAMS 0x0000000089900000, 0x0000000089900000|
| 132|0x0000000089a00000, 0x0000000089b00000, 0x0000000089b00000|100%| E|CS|TS  0|AC  0|TAMS 0x0000000089a00000, 0x0000000089a00000|
| 133|0x0000000089b00000, 0x0000000089c00000, 0x0000000089c00000|100%| E|CS|TS  0|AC  0|TAMS 0x0000000089b00000, 0x0000000089b00000|
| 134|0x0000000089c00000, 0x0000000089d00000, 0x0000000089d00000|100%| E|CS|TS  0|AC  0|TAMS 0x0000000089c00000, 0x0000000089c00000|
| 135|0x0000000089d00000, 0x0000000089e00000, 0x0000000089e00000|100%| E|CS|TS  0|AC  0|TAMS 0x0000000089d00000, 0x0000000089d00000|
| 136|0x0000000089e00000, 0x0000000089f00000, 0x0000000089f00000|100%| E|CS|TS  0|AC  0|TAMS 0x0000000089e00000, 0x0000000089e00000|
| 137|0x0000000089f00000, 0x000000008a000000, 0x000000008a000000|100%| E|CS|TS  0|AC  0|TAMS 0x0000000089f00000, 0x0000000089f00000|
| 138|0x000000008a000000, 0x000000008a100000, 0x000000008a100000|100%| E|CS|TS  0|AC  0|TAMS 0x000000008a000000, 0x000000008a000000|
| 139|0x000000008a100000, 0x000000008a200000, 0x000000008a200000|100%| E|CS|TS  0|AC  0|TAMS 0x000000008a100000, 0x000000008a100000|
| 140|0x000000008a200000, 0x000000008a300000, 0x000000008a300000|100%| E|CS|TS  0|AC  0|TAMS 0x000000008a200000, 0x000000008a200000|
| 141|0x000000008a300000, 0x000000008a400000, 0x000000008a400000|100%| E|CS|TS  0|AC  0|TAMS 0x000000008a300000, 0x000000008a300000|
| 142|0x000000008a400000, 0x000000008a500000, 0x000000008a500000|100%| E|CS|TS  0|AC  0|TAMS 0x000000008a400000, 0x000000008a400000|
| 143|0x000000008a500000, 0x000000008a600000, 0x000000008a600000|100%| E|CS|TS  0|AC  0|TAMS 0x000000008a500000, 0x000000008a500000|
| 144|0x000000008a600000, 0x000000008a700000, 0x000000008a700000|100%| E|CS|TS  0|AC  0|TAMS 0x000000008a600000, 0x000000008a600000|
| 145|0x000000008a700000, 0x000000008a800000, 0x000000008a800000|100%| E|CS|TS  0|AC  0|TAMS 0x000000008a700000, 0x000000008a700000|
| 146|0x000000008a800000, 0x000000008a900000, 0x000000008a900000|100%| E|CS|TS  0|AC  0|TAMS 0x000000008a800000, 0x000000008a800000|
| 147|0x000000008a900000, 0x000000008aa00000, 0x000000008aa00000|100%| E|CS|TS  0|AC  0|TAMS 0x000000008a900000, 0x000000008a900000|
| 148|0x000000008aa00000, 0x000000008ab00000, 0x000000008ab00000|100%| E|CS|TS  0|AC  0|TAMS 0x000000008aa00000, 0x000000008aa00000|
| 149|0x000000008ab00000, 0x000000008ac00000, 0x000000008ac00000|100%| E|CS|TS  0|AC  0|TAMS 0x000000008ab00000, 0x000000008ab00000|
| 150|0x000000008ac00000, 0x000000008ad00000, 0x000000008ad00000|100%| E|CS|TS  0|AC  0|TAMS 0x000000008ac00000, 0x000000008ac00000|
| 151|0x000000008ad00000, 0x000000008ae00000, 0x000000008ae00000|100%| E|CS|TS  0|AC  0|TAMS 0x000000008ad00000, 0x000000008ad00000|
| 152|0x000000008ae00000, 0x000000008af00000, 0x000000008af00000|100%| E|CS|TS  0|AC  0|TAMS 0x000000008ae00000, 0x000000008ae00000|
| 153|0x000000008af00000, 0x000000008b000000, 0x000000008b000000|100%| E|CS|TS  0|AC  0|TAMS 0x000000008af00000, 0x000000008af00000|

Card table byte_map: [0x000001d4648b0000,0x000001d464cb0000] byte_map_base: 0x000001d4644a5000

Marking Bits (Prev, Next): (CMBitMap*) 0x000001d448b53d78, (CMBitMap*) 0x000001d448b53d40
 Prev Bits: [0x000001d467060000, 0x000001d469008000)
 Next Bits: [0x000001d4650b0000, 0x000001d467058000)

Polling page: 0x000001d4469b0000

CodeHeap 'non-profiled nmethods': size=120064Kb used=1863Kb max_used=1863Kb free=118200Kb
 bounds [0x000001d45c540000, 0x000001d45c7b0000, 0x000001d463a80000]
CodeHeap 'profiled nmethods': size=120000Kb used=7944Kb max_used=7944Kb free=112055Kb
 bounds [0x000001d455010000, 0x000001d4557e0000, 0x000001d45c540000]
CodeHeap 'non-nmethods': size=5696Kb used=1287Kb max_used=1323Kb free=4409Kb
 bounds [0x000001d454a80000, 0x000001d454cf0000, 0x000001d455010000]
 total_blobs=4942 nmethods=3562 adapters=384
 compilation: enabled

Compilation events (10 events):
Event: 12.271 Thread 0x000001d46bf98800 3548       3       java.util.Properties$EntrySet::iterator (10 bytes)
Event: 12.271 Thread 0x000001d46bf98800 nmethod 3548 0x000001d4557ccb10 code [0x000001d4557cccc0, 0x000001d4557ccef0]
Event: 12.271 Thread 0x000001d46bf98800 3549       3       org.apache.maven.model.Reporting::getPlugins (23 bytes)
Event: 12.272 Thread 0x000001d46bf98800 nmethod 3549 0x000001d4557ccf90 code [0x000001d4557cd160, 0x000001d4557cd598]
Event: 12.272 Thread 0x000001d46bf98800 3550       1       org.apache.maven.model.CiManagement::getSystem (5 bytes)
Event: 12.272 Thread 0x000001d46bf98800 nmethod 3550 0x000001d45c710810 code [0x000001d45c7109c0, 0x000001d45c710ad8]
Event: 12.272 Thread 0x000001d46bf98800 3551       3       org.apache.maven.model.path.DefaultModelUrlNormalizer::normalize (11 bytes)
Event: 12.272 Thread 0x000001d46bf98800 nmethod 3551 0x000001d4557cd710 code [0x000001d4557cd8c0, 0x000001d4557cda90]
Event: 12.272 Thread 0x000001d46bf98800 3552       3       org.apache.maven.repository.internal.ArtifactDescriptorUtils::toRemoteRepository (49 bytes)
Event: 12.273 Thread 0x000001d46bf98800 nmethod 3552 0x000001d4557cdb90 code [0x000001d4557cdda0, 0x000001d4557ce640]

GC Heap History (10 events):
Event: 0.976 GC heap before
{Heap before GC invocations=0 (full 0):
 garbage-first heap   total 131072K, used 14336K [0x0000000081600000, 0x0000000081700400, 0x0000000100000000)
  region size 1024K, 14 young (14336K), 0 survivors (0K)
 Metaspace       used 10257K, capacity 10542K, committed 10880K, reserved 1058816K
  class space    used 981K, capacity 1072K, committed 1152K, reserved 1048576K
}
Event: 0.986 GC heap after
{Heap after GC invocations=1 (full 0):
 garbage-first heap   total 131072K, used 4787K [0x0000000081600000, 0x0000000081700400, 0x0000000100000000)
  region size 1024K, 2 young (2048K), 2 survivors (2048K)
 Metaspace       used 10257K, capacity 10542K, committed 10880K, reserved 1058816K
  class space    used 981K, capacity 1072K, committed 1152K, reserved 1048576K
}
Event: 1.242 GC heap before
{Heap before GC invocations=1 (full 0):
 garbage-first heap   total 131072K, used 10931K [0x0000000081600000, 0x0000000081700400, 0x0000000100000000)
  region size 1024K, 8 young (8192K), 2 survivors (2048K)
 Metaspace       used 12066K, capacity 12350K, committed 12672K, reserved 1060864K
  class space    used 1227K, capacity 1312K, committed 1408K, reserved 1048576K
}
Event: 1.250 GC heap after
{Heap after GC invocations=2 (full 0):
 garbage-first heap   total 131072K, used 6222K [0x0000000081600000, 0x0000000081700400, 0x0000000100000000)
  region size 1024K, 1 young (1024K), 1 survivors (1024K)
 Metaspace       used 12066K, capacity 12350K, committed 12672K, reserved 1060864K
  class space    used 1227K, capacity 1312K, committed 1408K, reserved 1048576K
}
Event: 1.814 GC heap before
{Heap before GC invocations=2 (full 0):
 garbage-first heap   total 131072K, used 27726K [0x0000000081600000, 0x0000000081700400, 0x0000000100000000)
  region size 1024K, 22 young (22528K), 1 survivors (1024K)
 Metaspace       used 13688K, capacity 14062K, committed 14464K, reserved 1062912K
  class space    used 1427K, capacity 1538K, committed 1664K, reserved 1048576K
}
Event: 1.819 GC heap after
{Heap after GC invocations=3 (full 0):
 garbage-first heap   total 131072K, used 8175K [0x0000000081600000, 0x0000000081700400, 0x0000000100000000)
  region size 1024K, 3 young (3072K), 3 survivors (3072K)
 Metaspace       used 13688K, capacity 14062K, committed 14464K, reserved 1062912K
  class space    used 1427K, capacity 1538K, committed 1664K, reserved 1048576K
}
Event: 3.926 GC heap before
{Heap before GC invocations=3 (full 0):
 garbage-first heap   total 131072K, used 52207K [0x0000000081600000, 0x0000000081700400, 0x0000000100000000)
  region size 1024K, 46 young (47104K), 3 survivors (3072K)
 Metaspace       used 19648K, capacity 20026K, committed 20224K, reserved 1067008K
  class space    used 2127K, capacity 2272K, committed 2304K, reserved 1048576K
}
Event: 3.947 GC heap after
{Heap after GC invocations=4 (full 0):
 garbage-first heap   total 131072K, used 13357K [0x0000000081600000, 0x0000000081700400, 0x0000000100000000)
  region size 1024K, 6 young (6144K), 6 survivors (6144K)
 Metaspace       used 19648K, capacity 20026K, committed 20224K, reserved 1067008K
  class space    used 2127K, capacity 2272K, committed 2304K, reserved 1048576K
}
Event: 5.642 GC heap before
{Heap before GC invocations=4 (full 0):
 garbage-first heap   total 131072K, used 28717K [0x0000000081600000, 0x0000000081700400, 0x0000000100000000)
  region size 1024K, 22 young (22528K), 6 survivors (6144K)
 Metaspace       used 20672K, capacity 21048K, committed 21296K, reserved 1069056K
  class space    used 2238K, capacity 2380K, committed 2432K, reserved 1048576K
}
Event: 5.663 GC heap after
{Heap after GC invocations=5 (full 0):
 garbage-first heap   total 157696K, used 13164K [0x0000000081600000, 0x00000000817004d0, 0x0000000100000000)
  region size 1024K, 3 young (3072K), 3 survivors (3072K)
 Metaspace       used 20672K, capacity 21048K, committed 21296K, reserved 1069056K
  class space    used 2238K, capacity 2380K, committed 2432K, reserved 1048576K
}

Deoptimization events (10 events):
Event: 8.749 Thread 0x000001d448ab6000 Uncommon trap: reason=unstable_if action=reinterpret pc=0x000001d45c54b028 method=java.util.HashMap.hash(Ljava/lang/Object;)I @ 1 c2
Event: 8.751 Thread 0x000001d448ab6000 Uncommon trap: reason=class_check action=maybe_recompile pc=0x000001d45c692918 method=java.util.HashSet.contains(Ljava/lang/Object;)Z @ 5 c2
Event: 8.751 Thread 0x000001d448ab6000 Uncommon trap: reason=unstable_if action=reinterpret pc=0x000001d45c691fbc method=java.util.HashMap.hash(Ljava/lang/Object;)I @ 1 c2
Event: 8.751 Thread 0x000001d448ab6000 Uncommon trap: reason=unstable_if action=reinterpret pc=0x000001d45c61e0cc method=java.util.HashMap.hash(Ljava/lang/Object;)I @ 1 c2
Event: 8.752 Thread 0x000001d448ab6000 Uncommon trap: reason=unstable_if action=reinterpret pc=0x000001d45c585b70 method=java.util.HashMap.hash(Ljava/lang/Object;)I @ 1 c2
Event: 8.889 Thread 0x000001d448ab6000 Uncommon trap: reason=unstable_if action=reinterpret pc=0x000001d45c667094 method=org.codehaus.plexus.util.xml.pull.MXParser.parseAttribute()C @ 762 c2
Event: 8.892 Thread 0x000001d448ab6000 Uncommon trap: reason=bimorphic_or_optimized_type_check action=maybe_recompile pc=0x000001d45c6d0f30 method=java.util.regex.Pattern$Start.match(Ljava/util/regex/Matcher;ILjava/lang/CharSequence;)Z @ 44 c2
Event: 10.175 Thread 0x000001d448ab6000 Uncommon trap: reason=unstable_if action=reinterpret pc=0x000001d45c6dae0c method=java.lang.String.indexOf([BBILjava/lang/String;I)I @ 54 c2
Event: 11.461 Thread 0x000001d448ab6000 Uncommon trap: reason=class_check action=maybe_recompile pc=0x000001d45c692918 method=java.util.HashSet.contains(Ljava/lang/Object;)Z @ 5 c2
Event: 11.913 Thread 0x000001d448ab6000 Uncommon trap: reason=class_check action=maybe_recompile pc=0x000001d45c692918 method=java.util.HashSet.contains(Ljava/lang/Object;)Z @ 5 c2

Classes redefined (0 events):
No events

Internal exceptions (10 events):
Event: 5.669 Thread 0x000001d448ab6000 Exception <a 'java/lang/NoSuchMethodError'{0x000000008af00938}: java.lang.invoke.DirectMethodHandle$Holder.invokeStaticInit(Ljava/lang/Object;Ljava/lang/Object;)I> (0x000000008af00938) thrown at [t:/workspace/hotspot/src/share/vm/interpreter/linkResolver.
Event: 5.684 Thread 0x000001d448ab6000 Exception <a 'sun/nio/fs/WindowsException'{0x000000008af32240}> (0x000000008af32240) thrown at [t:/workspace/hotspot/src/share/vm/prims/jni.cpp, line 604]
Event: 5.711 Thread 0x000001d448ab6000 Implicit null exception at 0x000001d45c625c1c to 0x000001d45c628db1
Event: 6.102 Thread 0x000001d448ab6000 Exception <a 'java/lang/NoSuchMethodError'{0x000000008aaa1980}: method resolution failed> (0x000000008aaa1980) thrown at [t:/workspace/hotspot/src/share/vm/prims/methodHandles.cpp, line 1256]
Event: 6.103 Thread 0x000001d448ab6000 Exception <a 'java/lang/NoSuchMethodError'{0x000000008aaa53e0}: java.lang.invoke.DirectMethodHandle$Holder.invokeStaticInit(Ljava/lang/Object;Ljava/lang/Object;IIII)Ljava/lang/Object;> (0x000000008aaa53e0) thrown at [t:/workspace/hotspot/src/share/vm/inte
Event: 8.748 Thread 0x000001d448ab6000 Implicit null exception at 0x000001d45c5ece75 to 0x000001d45c5ed01d
Event: 8.749 Thread 0x000001d448ab6000 Implicit null exception at 0x000001d45c54afaf to 0x000001d45c54b019
Event: 8.751 Thread 0x000001d448ab6000 Implicit null exception at 0x000001d45c691df5 to 0x000001d45c691fad
Event: 8.751 Thread 0x000001d448ab6000 Implicit null exception at 0x000001d45c61dfc3 to 0x000001d45c61e0b1
Event: 8.752 Thread 0x000001d448ab6000 Implicit null exception at 0x000001d45c585ad8 to 0x000001d45c585b66

Events (10 events):
Event: 8.901 loading class org/eclipse/aether/internal/impl/DataPool$GraphKey done
Event: 10.175 Thread 0x000001d448ab6000 Uncommon trap: trap_request=0xffffff5d fr.pc=0x000001d45c6dae0c relative=0x00000000000002ec
Event: 10.175 Thread 0x000001d448ab6000 DEOPT PACKING pc=0x000001d45c6dae0c sp=0x000000169f6fcbf0
Event: 10.175 Thread 0x000001d448ab6000 DEOPT UNPACKING pc=0x000001d454acdf29 sp=0x000000169f6fcb58 mode 2
Event: 11.461 Thread 0x000001d448ab6000 Uncommon trap: trap_request=0xffffffde fr.pc=0x000001d45c692918 relative=0x00000000000001d8
Event: 11.461 Thread 0x000001d448ab6000 DEOPT PACKING pc=0x000001d45c692918 sp=0x000000169f6fd090
Event: 11.461 Thread 0x000001d448ab6000 DEOPT UNPACKING pc=0x000001d454acdf29 sp=0x000000169f6fd038 mode 2
Event: 11.913 Thread 0x000001d448ab6000 Uncommon trap: trap_request=0xffffffde fr.pc=0x000001d45c692918 relative=0x00000000000001d8
Event: 11.913 Thread 0x000001d448ab6000 DEOPT PACKING pc=0x000001d45c692918 sp=0x000000169f6fcd10
Event: 11.913 Thread 0x000001d448ab6000 DEOPT UNPACKING pc=0x000001d454acdf29 sp=0x000000169f6fccb8 mode 2


Dynamic libraries:
0x00007ff65d8a0000 - 0x00007ff65d8de000 	C:\Program Files\Java\jdk-9.0.4\bin\java.exe
0x00007fff17cf0000 - 0x00007fff17ed0000 	C:\WINDOWS\SYSTEM32\ntdll.dll
0x00007fff151c0000 - 0x00007fff1526e000 	C:\WINDOWS\System32\KERNEL32.DLL
0x00007fff144a0000 - 0x00007fff14706000 	C:\WINDOWS\System32\KERNELBASE.dll
0x00007fff15790000 - 0x00007fff15831000 	C:\WINDOWS\System32\ADVAPI32.dll
0x00007fff16160000 - 0x00007fff161fd000 	C:\WINDOWS\System32\msvcrt.dll
0x00007fff15730000 - 0x00007fff1578b000 	C:\WINDOWS\System32\sechost.dll
0x00007fff177d0000 - 0x00007fff178ef000 	C:\WINDOWS\System32\RPCRT4.dll
0x00007fff17640000 - 0x00007fff177cf000 	C:\WINDOWS\System32\USER32.dll
0x00007fff141f0000 - 0x00007fff14210000 	C:\WINDOWS\System32\win32u.dll
0x00007fff15e20000 - 0x00007fff15e48000 	C:\WINDOWS\System32\GDI32.dll
0x00007fff14260000 - 0x00007fff143f3000 	C:\WINDOWS\System32\gdi32full.dll
0x00007fff14400000 - 0x00007fff1449b000 	C:\WINDOWS\System32\msvcp_win.dll
0x00007fff140f0000 - 0x00007fff141e6000 	C:\WINDOWS\System32\ucrtbase.dll
0x00007fff133d0000 - 0x00007fff133da000 	C:\WINDOWS\SYSTEM32\VERSION.dll
0x00007fff0b1a0000 - 0x00007fff0b409000 	C:\WINDOWS\WinSxS\amd64_microsoft.windows.common-controls_6595b64144ccf1df_6.0.16299.248_none_15ced204935f55d7\COMCTL32.dll
0x00007fff15e50000 - 0x00007fff16158000 	C:\WINDOWS\System32\combase.dll
0x00007fff14710000 - 0x00007fff14782000 	C:\WINDOWS\System32\bcryptPrimitives.dll
0x00007fff15840000 - 0x00007fff1586d000 	C:\WINDOWS\System32\IMM32.DLL
0x00007fff134a0000 - 0x00007fff134d1000 	C:\WINDOWS\system32\nvinitx.dll
0x000000000f000000 - 0x000000000f006000 	C:\Program Files\NVIDIA Corporation\CoProcManager\_etoured.dll
0x00007fff10700000 - 0x00007fff10732000 	C:\Program Files\NVIDIA Corporation\CoProcManager\nvd3d9wrapx.dll
0x00007fff152e0000 - 0x00007fff1572e000 	C:\WINDOWS\System32\SETUPAPI.dll
0x00007fff14210000 - 0x00007fff1425a000 	C:\WINDOWS\System32\cfgmgr32.dll
0x00007fff10680000 - 0x00007fff106a2000 	C:\Program Files\NVIDIA Corporation\CoProcManager\nvdxgiwrapx.dll
0x00007ffef9c80000 - 0x00007ffef9d6f000 	C:\Program Files\Java\jdk-9.0.4\bin\msvcr120.dll
0x00007ffef13a0000 - 0x00007ffef1446000 	C:\Program Files\Java\jdk-9.0.4\bin\msvcp120.dll
0x00000000775d0000 - 0x0000000077ff5000 	C:\Program Files\Java\jdk-9.0.4\bin\server\jvm.dll
0x00007fff110a0000 - 0x00007fff110c3000 	C:\WINDOWS\SYSTEM32\WINMM.dll
0x00007fff17ab0000 - 0x00007fff17ab8000 	C:\WINDOWS\System32\PSAPI.DLL
0x00007fff10d60000 - 0x00007fff10d69000 	C:\WINDOWS\SYSTEM32\WSOCK32.dll
0x00007fff11070000 - 0x00007fff1109a000 	C:\WINDOWS\SYSTEM32\winmmbase.dll
0x00007fff15c70000 - 0x00007fff15cdc000 	C:\WINDOWS\System32\WS2_32.dll
0x00007fff10d30000 - 0x00007fff10d3f000 	C:\Program Files\Java\jdk-9.0.4\bin\verify.dll
0x00007ffeff820000 - 0x00007ffeff847000 	C:\Program Files\Java\jdk-9.0.4\bin\java.dll
0x00007fff0ad90000 - 0x00007fff0ada6000 	C:\Program Files\Java\jdk-9.0.4\bin\zip.dll
0x00007fff106e0000 - 0x00007fff106ea000 	C:\Program Files\Java\jdk-9.0.4\bin\jimage.dll
0x00007fff16200000 - 0x00007fff17636000 	C:\WINDOWS\System32\SHELL32.dll
0x00007fff17ac0000 - 0x00007fff17b66000 	C:\WINDOWS\System32\shcore.dll
0x00007fff14960000 - 0x00007fff150a7000 	C:\WINDOWS\System32\windows.storage.dll
0x00007fff15280000 - 0x00007fff152d1000 	C:\WINDOWS\System32\shlwapi.dll
0x00007fff14090000 - 0x00007fff140a1000 	C:\WINDOWS\System32\kernel.appcore.dll
0x00007fff14040000 - 0x00007fff1408c000 	C:\WINDOWS\System32\powrprof.dll
0x000001d46c0d0000 - 0x000001d46c0eb000 	C:\WINDOWS\System32\profapi.dll
0x00007fff09fe0000 - 0x00007fff09ffa000 	C:\Program Files\Java\jdk-9.0.4\bin\net.dll
0x00007fff0f220000 - 0x00007fff0f2fe000 	C:\WINDOWS\SYSTEM32\WINHTTP.dll
0x00007fff138d0000 - 0x00007fff13936000 	C:\WINDOWS\system32\mswsock.dll
0x00007fff08b60000 - 0x00007fff08b71000 	C:\Program Files\Java\jdk-9.0.4\bin\nio.dll
0x00007fff0ac80000 - 0x00007fff0ac8a000 	E:\maven\lib\jansi-native\windows64\jansi.dll
0x00007fff0b5c0000 - 0x00007fff0b5cb000 	C:\Program Files\Java\jdk-9.0.4\bin\sunmscapi.dll
0x00007fff14790000 - 0x00007fff1495e000 	C:\WINDOWS\System32\CRYPT32.dll
0x00007fff140b0000 - 0x00007fff140c2000 	C:\WINDOWS\System32\MSASN1.dll
0x00007fff089e0000 - 0x00007fff08a03000 	C:\Program Files\Java\jdk-9.0.4\bin\sunec.dll
0x00007fff13a90000 - 0x00007fff13aa7000 	C:\WINDOWS\SYSTEM32\CRYPTSP.dll
0x00007fff134e0000 - 0x00007fff13513000 	C:\WINDOWS\system32\rsaenh.dll
0x00007fff13ba0000 - 0x00007fff13bc5000 	C:\WINDOWS\SYSTEM32\bcrypt.dll
0x00007fff13f40000 - 0x00007fff13f69000 	C:\WINDOWS\SYSTEM32\USERENV.dll
0x00007fff13ab0000 - 0x00007fff13abb000 	C:\WINDOWS\SYSTEM32\CRYPTBASE.dll
0x00007fff13660000 - 0x00007fff13699000 	C:\WINDOWS\SYSTEM32\IPHLPAPI.DLL
0x00007fff15270000 - 0x00007fff15278000 	C:\WINDOWS\System32\NSI.dll
0x00007fff097a0000 - 0x00007fff097b6000 	C:\WINDOWS\SYSTEM32\dhcpcsvc6.DLL
0x00007fff095e0000 - 0x00007fff095fa000 	C:\WINDOWS\SYSTEM32\dhcpcsvc.DLL
0x00007fff136a0000 - 0x00007fff13756000 	C:\WINDOWS\SYSTEM32\DNSAPI.dll
0x00007fff083e0000 - 0x00007fff083ea000 	C:\Windows\System32\rasadhlp.dll
0x00007fff099a0000 - 0x00007fff09a10000 	C:\WINDOWS\System32\fwpuclnt.dll
0x00007fff043b0000 - 0x00007fff04578000 	C:\WINDOWS\SYSTEM32\dbghelp.dll

VM Arguments:
jvm_args: -Dclassworlds.conf=E:\maven\bin\..\bin\m2.conf -Dmaven.home=E:\maven\bin\.. -Dlibrary.jansi.path=E:\maven\bin\..\lib\jansi-native -Dmaven.multiModuleProjectDirectory=C:\Users\Mykola\Desktop\olympicgames\olympicgames 
java_command: org.codehaus.plexus.classworlds.launcher.Launcher exec:java -Dexec.mainClass=com.app.Main
java_class_path (initial): E:\maven\bin\..\boot\plexus-classworlds-2.5.2.jar
Launcher Type: SUN_STANDARD

Logging:
Log output configuration:
#0: stdout all=warning uptime,level,tags
#1: stderr all=off uptime,level,tags

Environment Variables:
JAVA_HOME=C:\Program Files\Java\jdk-9.0.4
PATH=c:\programdata\oracle\java\javapath;c:\windows\system32;c:\windows;c:\windows\system32\wbem;c:\windows\system32\windowspowershell\v1.0\;c:\program files (x86)\intel\opencl sdk\2.0\bin\x86;c:\program files (x86)\intel\opencl sdk\2.0\bin\x64;c:\program files (x86)\skype\phone\;c:\windows\system32;c:\windows;c:\windows\system32\wbem;c:\windows\system32\windowspowershell\v1.0\;e:\git\cmd;c:\program files\nodejs\;c:\programdata\chocolatey\bin;C:\Program Files (x86)\NVIDIA Corporation\PhysX\Common;E:\maven\bin;C:\Users\Mykola\AppData\Local\Microsoft\WindowsApps;C:\Users\Mykola\AppData\Roaming\npm;C:\Program Files\Microsoft VS Code\bin
USERNAME=Mykola
OS=Windows_NT
PROCESSOR_IDENTIFIER=Intel64 Family 6 Model 42 Stepping 7, GenuineIntel



---------------  S Y S T E M  ---------------

OS: Windows 10 , 64 bit Build 16299 (10.0.16299.15)

CPU:total 4 (initial active 4) (2 cores per cpu, 2 threads per core) family 6 model 42 stepping 7, cmov, cx8, fxsr, mmx, sse, sse2, sse3, ssse3, sse4.1, sse4.2, popcnt, avx, clmul, ht, tsc, tscinvbit

Memory: 4k page, physical 8293336k(980088k free), swap 8293336k(6088k free)

vm_info: Java HotSpot(TM) 64-Bit Server VM (9.0.4+11) for windows-amd64 JRE (9.0.4+11), built on Dec 20 2017 02:18:54 by "mach5one" with MS VC++ 12.0 (VS2013)

END.
